<?xml version="1.0" encoding="UTF-8"?>
<testsuite name="com.adventure.MT1" tests="1" skipped="0" failures="0" errors="0" timestamp="2025-08-17T16:11:11" hostname="stevemurimi-ThinkPad-X1-Yoga-2nd" time="0.004">
  <properties/>
  <testcase name="smokeTest()" classname="com.adventure.MT1" time="0.004"/>
  <system-out><![CDATA[]]></system-out>
  <system-err><![CDATA[]]></system-err>
</testsuite>
