<?xml version="1.0" encoding="UTF-8"?>
<testsuite name="com.adventure.MT2" tests="2" skipped="0" failures="0" errors="0" timestamp="2025-08-17T16:11:09" hostname="stevemurimi-ThinkPad-X1-Yoga-2nd" time="0.122">
  <properties/>
  <testcase name="canOpenDoor()" classname="com.adventure.MT2" time="0.084"/>
  <testcase name="setName()" classname="com.adventure.MT2" time="0.036"/>
  <system-out><![CDATA[]]></system-out>
  <system-err><![CDATA[]]></system-err>
</testsuite>
