<?xml version="1.0" encoding="UTF-8"?>
<testsuite name="com.adventure.MT7" tests="3" skipped="0" failures="0" errors="0" timestamp="2025-08-17T16:11:11" hostname="stevemurimi-ThinkPad-X1-Yoga-2nd" time="0.027">
  <properties/>
  <testcase name="testReadFile2()" classname="com.adventure.MT7" time="0.007"/>
  <testcase name="testReadFile()" classname="com.adventure.MT7" time="0.006"/>
  <testcase name="testCombatSimulator()" classname="com.adventure.MT7" time="0.011"/>
  <system-out><![CDATA[]]></system-out>
  <system-err><![CDATA[]]></system-err>
</testsuite>
