<?xml version="1.0" encoding="UTF-8"?>
<testsuite name="com.adventure.MT8" tests="5" skipped="0" failures="0" errors="0" timestamp="2025-08-17T16:11:09" hostname="stevemurimi-ThinkPad-X1-Yoga-2nd" time="1.729">
  <properties/>
  <testcase name="testPrintItemsCommand()" classname="com.adventure.MT8" time="1.707"/>
  <testcase name="testBackpackAddRemoveItem()" classname="com.adventure.MT8" time="0.007"/>
  <testcase name="testBackpackLimit()" classname="com.adventure.MT8" time="0.002"/>
  <testcase name="testBackpackViaPlayer()" classname="com.adventure.MT8" time="0.005"/>
  <testcase name="testPrintBackpack()" classname="com.adventure.MT8" time="0.002"/>
  <system-out><![CDATA[]]></system-out>
  <system-err><![CDATA[]]></system-err>
</testsuite>
