<?xml version="1.0" encoding="UTF-8"?>
<testsuite name="com.adventure.MT5" tests="2" skipped="0" failures="0" errors="0" timestamp="2025-08-17T16:11:11" hostname="stevemurimi-ThinkPad-X1-Yoga-2nd" time="0.015">
  <properties/>
  <testcase name="testScene()" classname="com.adventure.MT5" time="0.011"/>
  <testcase name="testHole()" classname="com.adventure.MT5" time="0.002"/>
  <system-out><![CDATA[]]></system-out>
  <system-err><![CDATA[]]></system-err>
</testsuite>
