<?xml version="1.0" encoding="UTF-8"?>
<testsuite name="com.adventure.MT2" tests="2" skipped="0" failures="0" errors="0" timestamp="2025-08-17T14:24:31" hostname="stevemurimi-ThinkPad-X1-Yoga-2nd" time="0.064">
  <properties/>
  <testcase name="canOpenDoor()" classname="com.adventure.MT2" time="0.054"/>
  <testcase name="setName()" classname="com.adventure.MT2" time="0.009"/>
  <system-out><![CDATA[]]></system-out>
  <system-err><![CDATA[]]></system-err>
</testsuite>
