<?xml version="1.0" encoding="UTF-8"?>
<testsuite name="com.adventure.MT4" tests="4" skipped="0" failures="0" errors="0" timestamp="2025-08-17T16:11:08" hostname="stevemurimi-ThinkPad-X1-Yoga-2nd" time="0.216">
  <properties/>
  <testcase name="testDoorConstructors()" classname="com.adventure.MT4" time="0.109"/>
  <testcase name="testKeyFactory()" classname="com.adventure.MT4" time="0.059"/>
  <testcase name="testKeyAndDoor()" classname="com.adventure.MT4" time="0.038"/>
  <testcase name="testKeyConstructors()" classname="com.adventure.MT4" time="0.001"/>
  <system-out><![CDATA[Door is now open
That didn't work on the door
Door is now open
]]></system-out>
  <system-err><![CDATA[]]></system-err>
</testsuite>
