<?xml version="1.0" encoding="UTF-8"?>
<testsuite name="com.adventure.MT6" tests="3" skipped="0" failures="0" errors="0" timestamp="2025-08-17T16:11:11" hostname="stevemurimi-ThinkPad-X1-Yoga-2nd" time="0.013">
  <properties/>
  <testcase name="testCommandHelp()" classname="com.adventure.MT6" time="0.003"/>
  <testcase name="testCommandMove()" classname="com.adventure.MT6" time="0.003"/>
  <testcase name="testCommandUse()" classname="com.adventure.MT6" time="0.003"/>
  <system-out><![CDATA[]]></system-out>
  <system-err><![CDATA[]]></system-err>
</testsuite>
